<?xml version="1.0" encoding="UTF-8"?>
<!-- Generated by org.testng.reporters.JUnitReportReporter -->
<testsuite hostname="CGGEDEVDESKF69" name="test_Cases.Add_User" tests="1" failures="0" timestamp="31 Aug 2019 09:28:28 GMT" time="108.997" errors="0">
  <testcase name="LoginMethod" time="108.997" classname="test_Cases.Add_User"/>
</testsuite> <!-- test_Cases.Add_User -->
