<?xml version="1.0" encoding="UTF-8"?>
<!-- Generated by org.testng.reporters.JUnitReportReporter -->
<testsuite hostname="RamaGanesh" name="test_Cases.TestCase_002" tests="1" failures="0" timestamp="28 Jun 2019 16:27:19 GMT" time="93.197" errors="0">
  <testcase name="LoginMethod" time="93.197" classname="test_Cases.TestCase_002"/>
</testsuite> <!-- test_Cases.TestCase_002 -->
