<?xml version="1.0" encoding="UTF-8"?>
<!-- Generated by org.testng.reporters.JUnitReportReporter -->
<testsuite hostname="CGGEDEVDESKF69" name="test_Cases.Add_User" tests="1" failures="0" timestamp="2 Jul 2019 07:26:18 GMT" time="60.510" errors="0">
  <testcase name="LoginMethod" time="60.510" classname="test_Cases.Add_User"/>
</testsuite> <!-- test_Cases.Add_User -->
