<?xml version="1.0" encoding="UTF-8"?>
<!-- Generated by org.testng.reporters.JUnitReportReporter -->
<testsuite hostname="RamaGanesh" name="test_Cases.TestCase_002" tests="1" failures="0" timestamp="29 Jun 2019 06:59:39 GMT" time="89.302" errors="0">
  <testcase name="LoginMethod" time="89.302" classname="test_Cases.TestCase_002"/>
</testsuite> <!-- test_Cases.TestCase_002 -->
