<?xml version="1.0" encoding="UTF-8"?>
<!-- Generated by org.testng.reporters.JUnitReportReporter -->
<testsuite hostname="RamaGanesh" name="test_Cases.Add_User" tests="1" failures="0" timestamp="1 Jul 2019 15:35:04 GMT" time="90.492" errors="0">
  <testcase name="LoginMethod" time="90.492" classname="test_Cases.Add_User"/>
</testsuite> <!-- test_Cases.Add_User -->
