<?xml version="1.0" encoding="UTF-8"?>
<!-- Generated by org.testng.reporters.JUnitReportReporter -->
<testsuite hostname="RamaGanesh" name="test_Cases.TestCase_002" tests="1" failures="0" timestamp="1 Jul 2019 14:35:23 GMT" time="66.494" errors="0">
  <testcase name="LoginMethod" time="66.494" classname="test_Cases.TestCase_002"/>
</testsuite> <!-- test_Cases.TestCase_002 -->
