<?xml version="1.0" encoding="UTF-8"?>
<!-- Generated by org.testng.reporters.JUnitReportReporter -->
<testsuite hostname="RamaGanesh" name="test_Cases.TestCase_001" tests="1" failures="0" timestamp="28 Jun 2019 14:28:51 GMT" time="13.929" errors="0">
  <testcase name="LoginMethod" time="13.929" classname="test_Cases.TestCase_001"/>
</testsuite> <!-- test_Cases.TestCase_001 -->
