<?xml version="1.0" encoding="UTF-8"?>
<!-- Generated by org.testng.reporters.JUnitReportReporter -->
<testsuite hostname="CGGEDEVDESKF69" name="test_Cases.Add_User" tests="1" failures="0" timestamp="2 Jul 2019 06:40:48 GMT" time="82.579" errors="0">
  <testcase name="LoginMethod" time="82.579" classname="test_Cases.Add_User"/>
</testsuite> <!-- test_Cases.Add_User -->
